# JRE version: Java(TM) SE Runtime Environment (7.0_45-b18) (build 1.7.0_45-b18)
# Java VM: Java HotSpot(TM) Server VM (24.45-b08 mixed mode linux-x86 )
Heap
 PSYoungGen      total 83968K, used 6651K [0xa3980000, 0xa9240000, 0xb3580000)
  eden space 77312K, 0% used [0xa3980000,0xa3980000,0xa8500000)
  from space 6656K, 99% used [0xa8500000,0xa8b7ed88,0xa8b80000)
  to   space 6400K, 0% used [0xa8b80000,0xa8b80000,0xa91c0000)
 ParOldGen       total 32256K, used 26078K [0x84180000, 0x86100000, 0xa3980000)
  object space 32256K, 80% used [0x84180000,0x85af7ae8,0x86100000)
 PSPermGen       total 16384K, used 11607K [0x80180000, 0x81180000, 0x84180000)
  object space 16384K, 70% used [0x80180000,0x80cd5c98,0x81180000)
GC Heap History (10 events):
Event: 13.313 GC heap after
Heap after GC invocations=6 (full 0):
 PSYoungGen      total 29440K, used 4367K [0xa3980000, 0xa5c80000, 0xb3580000)
  eden space 24576K, 0% used [0xa3980000,0xa3980000,0xa5180000)
  from space 4864K, 89% used [0xa56c0000,0xa5b03ee8,0xa5b80000)
  to   space 5376K, 0% used [0xa5180000,0xa5180000,0xa56c0000)
 ParOldGen       total 32256K, used 6382K [0x84180000, 0x86100000, 0xa3980000)
  object space 32256K, 19% used [0x84180000,0x847bba28,0x86100000)
 PSPermGen       total 16384K, used 8085K [0x80180000, 0x81180000, 0x84180000)
  object space 16384K, 49% used [0x80180000,0x809656d0,0x81180000)
}
Event: 15.442 GC heap before
{Heap before GC invocations=7 (full 0):
 PSYoungGen      total 29440K, used 28943K [0xa3980000, 0xa5c80000, 0xb3580000)
  eden space 24576K, 100% used [0xa3980000,0xa5180000,0xa5180000)
  from space 4864K, 89% used [0xa56c0000,0xa5b03ee8,0xa5b80000)
  to   space 5376K, 0% used [0xa5180000,0xa5180000,0xa56c0000)
 ParOldGen       total 32256K, used 6382K [0x84180000, 0x86100000, 0xa3980000)
  object space 32256K, 19% used [0x84180000,0x847bba28,0x86100000)
 PSPermGen       total 16384K, used 8180K [0x80180000, 0x81180000, 0x84180000)
  object space 16384K, 49% used [0x80180000,0x8097d020,0x81180000)
Event: 15.472 GC heap after
Heap after GC invocations=7 (full 0):
 PSYoungGen      total 29952K, used 4865K [0xa3980000, 0xa7500000, 0xb3580000)
  eden space 24576K, 0% used [0xa3980000,0xa3980000,0xa5180000)
  from space 5376K, 90% used [0xa5180000,0xa56404c8,0xa56c0000)
  to   space 5888K, 0% used [0xa6f40000,0xa6f40000,0xa7500000)
 ParOldGen       total 32256K, used 6841K [0x84180000, 0x86100000, 0xa3980000)
  object space 32256K, 21% used [0x84180000,0x8482e7b0,0x86100000)
 PSPermGen       total 16384K, used 8180K [0x80180000, 0x81180000, 0x84180000)
  object space 16384K, 49% used [0x80180000,0x8097d020,0x81180000)
}
Event: 16.980 GC heap before
{Heap before GC invocations=8 (full 0):
 PSYoungGen      total 29952K, used 29441K [0xa3980000, 0xa7500000, 0xb3580000)
  eden space 24576K, 100% used [0xa3980000,0xa5180000,0xa5180000)
  from space 5376K, 90% used [0xa5180000,0xa56404c8,0xa56c0000)
  to   space 5888K, 0% used [0xa6f40000,0xa6f40000,0xa7500000)
 ParOldGen       total 32256K, used 6841K [0x84180000, 0x86100000, 0xa3980000)
  object space 32256K, 21% used [0x84180000,0x8482e7b0,0x86100000)
 PSPermGen       total 16384K, used 8211K [0x80180000, 0x81180000, 0x84180000)
  object space 16384K, 50% used [0x80180000,0x80984f30,0x81180000)
Event: 17.049 GC heap after
Heap after GC invocations=8 (full 0):
 PSYoungGen      total 54272K, used 5578K [0xa3980000, 0xa7680000, 0xb3580000)
  eden space 48384K, 0% used [0xa3980000,0xa3980000,0xa68c0000)
  from space 5888K, 94% used [0xa6f40000,0xa74b2810,0xa7500000)
  to   space 6656K, 0% used [0xa68c0000,0xa68c0000,0xa6f40000)
 ParOldGen       total 32256K, used 7539K [0x84180000, 0x86100000, 0xa3980000)
  object space 32256K, 23% used [0x84180000,0x848dcfd0,0x86100000)
 PSPermGen       total 16384K, used 8211K [0x80180000, 0x81180000, 0x84180000)
  object space 16384K, 50% used [0x80180000,0x80984f30,0x81180000)
}
Event: 21.757 GC heap before
{Heap before GC invocations=9 (full 0):
 PSYoungGen      total 54272K, used 53962K [0xa3980000, 0xa7680000, 0xb3580000)
  eden space 48384K, 100% used [0xa3980000,0xa68c0000,0xa68c0000)
  from space 5888K, 94% used [0xa6f40000,0xa74b2810,0xa7500000)
  to   space 6656K, 0% used [0xa68c0000,0xa68c0000,0xa6f40000)
 ParOldGen       total 32256K, used 7539K [0x84180000, 0x86100000, 0xa3980000)
  object space 32256K, 23% used [0x84180000,0x848dcfd0,0x86100000)
 PSPermGen       total 16384K, used 8506K [0x80180000, 0x81180000, 0x84180000)
  object space 16384K, 51% used [0x80180000,0x809ce8b0,0x81180000)
Event: 21.816 GC heap after
Heap after GC invocations=9 (full 0):
 PSYoungGen      total 55040K, used 4379K [0xa3980000, 0xa91c0000, 0xb3580000)
  eden space 48384K, 0% used [0xa3980000,0xa3980000,0xa68c0000)
  from space 6656K, 65% used [0xa68c0000,0xa6d06d68,0xa6f40000)
  to   space 6400K, 0% used [0xa8b80000,0xa8b80000,0xa91c0000)
 ParOldGen       total 32256K, used 10489K [0x84180000, 0x86100000, 0xa3980000)
  object space 32256K, 32% used [0x84180000,0x84bbe7e0,0x86100000)
 PSPermGen       total 16384K, used 8506K [0x80180000, 0x81180000, 0x84180000)
  object space 16384K, 51% used [0x80180000,0x809ce8b0,0x81180000)
}
Event: 51.675 GC heap before
{Heap before GC invocations=10 (full 0):
 PSYoungGen      total 55040K, used 52763K [0xa3980000, 0xa91c0000, 0xb3580000)
  eden space 48384K, 100% used [0xa3980000,0xa68c0000,0xa68c0000)
  from space 6656K, 65% used [0xa68c0000,0xa6d06d68,0xa6f40000)
  to   space 6400K, 0% used [0xa8b80000,0xa8b80000,0xa91c0000)
 ParOldGen       total 32256K, used 10489K [0x84180000, 0x86100000, 0xa3980000)
  object space 32256K, 32% used [0x84180000,0x84bbe7e0,0x86100000)
 PSPermGen       total 16384K, used 8713K [0x80180000, 0x81180000, 0x84180000)
  object space 16384K, 53% used [0x80180000,0x80a02690,0x81180000)
Event: 52.403 GC heap after
Heap after GC invocations=10 (full 0):
 PSYoungGen      total 83712K, used 4663K [0xa3980000, 0xa9240000, 0xb3580000)
  eden space 77312K, 0% used [0xa3980000,0xa3980000,0xa8500000)
  from space 6400K, 72% used [0xa8b80000,0xa900ddc8,0xa91c0000)
  to   space 6656K, 0% used [0xa8500000,0xa8500000,0xa8b80000)
 ParOldGen       total 32256K, used 12509K [0x84180000, 0x86100000, 0xa3980000)
  object space 32256K, 38% used [0x84180000,0x84db77e0,0x86100000)
 PSPermGen       total 16384K, used 8713K [0x80180000, 0x81180000, 0x84180000)
  object space 16384K, 53% used [0x80180000,0x80a02690,0x81180000)
}
Event: 79.357 GC heap before
{Heap before GC invocations=11 (full 0):
 PSYoungGen      total 83712K, used 81975K [0xa3980000, 0xa9240000, 0xb3580000)
  eden space 77312K, 100% used [0xa3980000,0xa8500000,0xa8500000)
  from space 6400K, 72% used [0xa8b80000,0xa900ddc8,0xa91c0000)
  to   space 6656K, 0% used [0xa8500000,0xa8500000,0xa8b80000)
 ParOldGen       total 32256K, used 12509K [0x84180000, 0x86100000, 0xa3980000)
  object space 32256K, 38% used [0x84180000,0x84db77e0,0x86100000)
 PSPermGen       total 16384K, used 11607K [0x80180000, 0x81180000, 0x84180000)
  object space 16384K, 70% used [0x80180000,0x80cd5c98,0x81180000)

